+------------------------------------------------------------------------+
|                         MMTOOL 5.02.0024                               |
|               Copyright (c)2017 American Megatrends, Inc.              |
+------------------------------------------------------------------------+
| Firmware Image Information                                                  |
+-----------------------------------------------------------------------------+
| Image Size : 800000   PI Specification Level: 1.0                           |
+-----------------------------------------------------------------------------+
| Firmware Volume Information                                                 |
+------+-------------------------------+--------------+-----------+-----------+
|  FV  |            FV TYPE            |   Location   |   Length  |    FFSs   |
+------+-------------------------------+--------------+-----------+-----------+
|  00  |          Boot Block FV        |   00200000   |  020000   |    001    |
|  01  |          FFS FV               |   00250000   |  4B0000   |    006    |
|  02  |          Nested FV            |   00000000   |  954000   |    203    |
|  03  |          FFS FV               |   00700000   |  100000   |    057    |
+------+-------------------------------+--------------+-----------+-----------+
| Nested Firmware Volume Information                                          |
+-----------------------------------------------------------------------------+
|  FV  |            Nesting Information               |   Length  |    FFSs   |
+-----------------------------------------------------------------------------+
|  02  |  Parent Fv : 01        Parent FFS : 00       |   954000  |    203    |
+------+-------------------------------+--------------+-----------+-----------+
| NCB Information                                                             |
+-----------------------------------------------------------------------------+
| NCB No : 0                         Location :  00000000   Length :  200000  |
| NCB No : 1                         Location :  00220000   Length :  030000  |
+-----------------------------------------------------------------------------+
| Driver Information                                                          |
+-----------------------------------------------------------------------------+
| Firmware Volume : 00               Location :  00200000   Length :  020000  |
+---+---------------+------------------------------------+--------+------+----+
|NO |    FileName   |               GUID                 |Location| Size |Type|
+---+---------------+------------------------------------+--------+------+----+
|000|               |CEF5B9A3-476D-497F-9FDC-E98143E0422C|00200048|01FFB8|RAW |
+---+---------------+------------------------------------+--------+------+----+
| Bytes Free       : 000000 (  0 KB)    Bytes Used       : 020000 (128 KB)    |
+-----------------------------------------------------------------------------+
| Firmware Volume : 01               Location :  00250000   Length :  4B0000  |
+---+---------------+------------------------------------+--------+------+----+
|NO |    FileName   |               GUID                 |Location| Size |Type|
+---+---------------+------------------------------------+--------+------+----+
|000|               |AE717C2F-1A42-4F2B-8861-78B79CA07E07|00250048|2C0D5B|FV  |
|001|               |17088572-377F-44EF-8F4E-B09FFF46A070|00510DA8|014C18|RAW |
|002|               |8A0A450A-BEE9-42C1-9549-2BB8296AB3C3|005259C0|048B2B|FRFM|
|003|               |CD4275AA-71CD-4146-A723-1A4957F02578|0056E4F0|0861F9|FRFM|
|004|Setup          |899407D7-99FE-43D8-9A21-79EC328CAC21|005F46F0|06F671|DRVR|
|005|S3Restore      |EFD652CC-0E99-40F0-96C0-E08C089070FC|00663D68|00211C|PEIM|
+---+---------------+------------------------------------+--------+------+----+
| Bytes Free       : 09A178 (616 KB)    Bytes Used       : 415E88 (4183 KB)    |
+-----------------------------------------------------------------------------+
| Firmware Volume : 02               Location :  00000000   Length :  954000  |
+---+---------------+------------------------------------+--------+------+----+
|NO |    FileName   |               GUID                 |Location| Size |Type|
+---+---------------+------------------------------------+--------+------+----+
|000|IntelSaGopDriver|5C266089-E103-4D43-9AB5-12D7095BE2AF|00000048|001295|DRVR|
|001|IntelGopDriver |5BBA83E6-F027-4CA7-BFD0-16358CC9E123|000012DD|00D4DE|DRVR|
|002|FvOnFv2Thunk   |5007A40E-A5E0-44F7-86AE-662F9A91DA26|0000E7BB|000ACD|DRVR|
|003|CpuDxe         |E03ABADF-E536-4E88-B3A0-B77F78EB34FE|0000F288|0055E1|DRVR|
|004|Fat            |961578FE-B6B7-44C3-AF35-6BC705CD2B1F|00014869|00B031|DRVR|
|005|               |DAC2B117-B5FB-4964-A312-0DCC77061B9B|0001F89A|017659|FRFM|
|006|               |9221315B-30BB-46B5-813E-1B1BF4712BD3|00036EF3|000953|FRFM|
|007|CORE_DXE       |5AE3F37E-4EAE-41AE-8240-35465B5E81EB|00037846|18DD4D|DXEC|
|008|Runtime        |CBC59C4A-383A-41EB-A8EE-4498AEA567E4|001C5593|012141|DRVR|
|009|ReFlash        |70E1A818-0BE1-4449-BFD4-9EF68C7F02A8|001D76D4|0090C1|DRVR|
|010|PciBus         |3C1DE39F-D207-408A-AACC-731CFB7F1DD7|001E0795|00DB19|DRVR|
|011|AmiBoardInfo   |9F3A0016-AE55-4288-829D-D22FD344C347|001EE2AE|011EB1|DRVR|
|012|EBC            |13AC6DD0-73D0-11D4-B06B-00AA00BD6DE7|0020015F|0037D9|DRVR|
|013|It8728SmmFeatur|078485F1-0C1F-4B1B-AFB3-4A09C0EF87A1|00203938|0021E9|DRVR|
|014|IT8728SioAcBack|AA893E19-A641-4819-AD23-011B7C24250D|00205B21|00140D|DRVR|
|015|CpuInitDxe     |62D171CB-78CD-4480-8678-C6A2A797A8DE|00206F2E|00DC01|DRVR|
|016|               |C38FB0E2-0C43-49C9-B544-9B17AA4DCBA3|00214B2F|000B69|FRFM|
|017|PowerMgmtDxe   |F7731B4C-58A2-4DF4-8980-5645D39ECE58|00215698|0053B5|DRVR|
|018|PowerMgmtS3    |8F0B5301-C79B-44F1-8FD3-26D73E316700|0021AA4D|00196D|DRVR|
|019|CpuPolicyDxe   |15B9B6DA-00A9-4DE7-B8E8-ED7AFB88F16E|0021C3BA|00195D|DRVR|
|020|TxtDxe         |FF917E22-A228-448D-BDAA-68EFCCDDA5D3|0021DD17|002339|DRVR|
|021|TxtOneTouchDxe |67791E00-0C05-4AE7-A921-FC4057221653|00220050|001A11|DRVR|
|022|SmramSaveInfoHa|63296C52-01CF-4EEA-A47C-782A14DA6894|00221A61|001125|DRVR|
|023|MicrocodeUpdate|F3331DE6-4A55-44E4-B767-7453F7A1A021|00222B86|005381|DRVR|
|024|CpuSpSMI       |116E1ACF-2533-4CC2-820A-BBC10A2AB07C|00227F07|0016F5|DRVR|
|025|AmiTxtDxe      |87D402CD-8B07-4B93-B38B-F8799F28B033|002295FC|001415|DRVR|
|026|SBDXE          |B7D19491-E55A-470D-8508-85A5DFA41974|0022AA11|008EB5|DRVR|
|027|SBRun          |E23F86E1-056E-4888-B685-CFCD67C179D4|002338C6|0025FD|DRVR|
|028|               |22046D50-F390-498C-92E5-5BA4F8E7F8B6|00235EC3|00020D|FRFM|
|029|SmmChildDispatc|753630C9-FAE5-47A9-BBBF-88D621CD7282|002360D0|003099|DRVR|
|030|SmmChildDispatc|E53734A3-E594-4C25-B1A2-081445650F7F|00239169|005AE1|SMMD|
|031|AcpiModeEnable |750890A6-7ACF-4F4F-81BD-B400C2BEA95A|0023EC4A|002601|SMM |
|032|SleepSmi       |6298FE18-D5EF-42B7-BB0C-2953283F5704|0024124B|0031B5|DRVR|
|033|SBSMI          |7B8DB049-C7C7-4D3B-809F-926DEE47CCA2|00244400|003A61|DRVR|
|034|PchSpiWrap     |B716A6F8-F3A1-4B8E-8582-5A303F1CDD64|00247E61|000EA9|DRVR|
|035|WdtAppDxe      |CE366D33-B057-4C03-8561-CAF17738B66F|00248D0A|0010F5|DRVR|
|036|SmBusMemoryDown|F6A59595-BB9F-415B-A7F3-DC7C09387BE6|00249DFF|002A91|DRVR|
|037|SataDriver     |91B4D9C1-141C-4824-8D02-3C298E36EB3F|0024C890|033B79|DRVR|
|038|ActiveBios     |BFD59D42-FE0F-4251-B772-4B098A1AEC85|00280409|000C09|DRVR|
|039|IoTrap         |2374EDDF-F203-4FC0-A20E-61BAD73089D6|00281012|002255|DRVR|
|040|IntelLegacyInte|C1C418F9-591D-461C-82A2-B9CD96DFEA86|00283267|0007D5|DRVR|
|041|PchInitDxe     |DE23ACEE-CF55-4FB6-AA77-984AB53DE823|00283A3C|011389|DRVR|
|042|PchSmiDispatcher|B0D6ED53-B844-43F5-BD2F-61095264E77E|00294DC5|007AA9|DRVR|
|043|PchReset       |BB1FBD4F-2E30-4793-9BED-74F672BC8FFE|0029C86E|001E85|DRVR|
|044|SataController |BB65942B-521F-4EC3-BAF9-A92540CF60D2|0029E6F3|002131|DRVR|
|045|PchSerialGpio  |FC1B7640-3466-4C06-B1CC-1C935394B5C2|002A0824|0010ED|DRVR|
|046|SmartTimer     |90CB75DB-71FC-489D-AACF-943477EC7212|002A1911|000B49|DRVR|
|047|PchSmbusDxe    |E052D8A6-224A-4C32-8D37-2E0AE162364D|002A245A|001D99|DRVR|
|048|SmmControl     |A0BAD9F7-AB78-491B-B583-C52B7F84B9E0|002A41F3|001749|DRVR|
|049|PchSpiSmm      |27F4917B-A707-4AAD-9676-26DF168CBF0D|002A593C|002899|DRVR|
|050|PchSpiRuntime  |C194C6EA-B68C-4981-B64B-9BD271474B20|002A81D5|002A2D|DRVR|
|051|PchSmbusSmm    |59287178-59B2-49CA-BC63-532B12EA2C53|002AAC02|001B79|DRVR|
|052|WdtDxe         |5AAB83E5-F027-4CA7-BFD0-16358CC9E453|002AC77B|000DA1|DRVR|
|053|NBDXE          |E4ECD0B2-E277-4F2B-BECB-E4D75C9A812E|002AD51C|009261|DRVR|
|054|NBSMI          |D933DEDE-0260-4E76-A7D9-2F9F2440E5A5|002B677D|002FBD|DRVR|
|055|MiscSubclassDxe|16271FCA-55D9-4A33-93FC-5A3EB128DE21|002B973A|001405|DRVR|
|056|UpdateMemoryRec|24CCD374-3DF6-4181-86F6-E3C66920A145|002BAB3F|001CF5|DRVR|
|057|LegacyRegion2  |FE6F8ACD-55A6-4C6B-B448-64E659DE94B3|002BC834|000CBD|DRVR|
|058|PciHostBridge  |8D6756B9-E55E-4D6A-A3A5-5E4D72DDF772|002BD4F1|002E8D|DRVR|
|059|SmBiosMemory   |EDA39402-F375-4496-92D3-83B43CB8A76A|002C037E|003355|DRVR|
|060|SmmAccess      |1323C7F8-DAD5-4126-A54B-7A05FBF41515|002C36D3|000D35|DRVR|
|061|               |27E569D5-0AFC-4D8F-8C90-783AC4A318AB|002C4408|0001D0|FRFM|
|062|               |AAA99A23-13B6-4C31-BB8B-299E8EC04FA4|002C45D8|005B7A|FRFM|
|063|SaInitDxe      |DE23ACEE-CF55-4FB6-AA77-984AB53DE811|002CA152|00F5D5|DRVR|
|064|SaLateInitSmm  |2D1E361C-7B3F-4D15-8B1F-66E551FABDC7|002D9727|007BC1|DRVR|
|065|BdatAccessHandl|6DB9486F-6AF6-4090-984D-238482CE3EA4|002E12E8|000DE9|DRVR|
|066|               |878AC2CC-5343-46F2-B563-51F89DAF56BA|002E20D1|001218|RAW |
|067|ITEPowerLED    |8EF2DCE6-F279-40BE-A58F-FFA9BF864A1E|002E32E9|001449|DRVR|
|068|PciTestAdapter |3F79BEE2-6B14-4B5E-916B-101D8F7E15BE|002E4732|001411|DRVR|
|069|Nvme           |634E8DB5-C432-43BE-A653-9CA2922CC458|002E5B43|004B09|DRVR|
|070|NvmeSmm        |E5E2C9D9-5BF5-497E-8860-94F81A09ADE0|002EA64C|002B41|DRVR|
|071|NVMEINT13      |C9A6DE36-FDFF-4FAF-8343-85D9E3470F43|002ED18D|0010E5|DRVR|
|072|ACPI           |16D0A23E-C09C-407D-A14A-AD058FDD0CA1|002EE272|009A2D|DRVR|
|073|S3Save         |26A2481E-4424-46A2-9943-CC4039EAD8F8|002F7C9F|0032C9|SMMD|
|074|S3Restore      |EFD652CC-0E99-40F0-96C0-E08C089070FC|002FAF68|00211C|PEIM|
|075|AHCI           |8F5A2E02-538C-4D59-B920-C4786ACBC552|002FD084|007875|DRVR|
|076|AINT13         |67820532-7613-4DD3-9ED7-3D9BE3A7DA63|003048F9|001DB1|DRVR|
|077|AhciMmioSmm    |96F1AC24-2B21-45FA-A0B5-67010C95E9D8|003066AA|001459|DRVR|
|078|AhciSmm        |BC3245BD-B982-4F55-9F79-056AD7E987C5|00307B03|0029F1|DRVR|
|079|AtaPassThru    |2E3AB8B6-AC9D-4D70-A675-54F52FB22D66|0030A4F4|0022C1|DRVR|
|080|CmosManagerSmm |6869C5B3-AC8D-4973-8B37-E354DBF34ADD|0030C7B5|0034C1|DRVR|
|081|CryptoDxe      |20D8FFFE-15C3-4EA9-9D28-CFE2745D78F3|0030FC76|011255|DRVR|
|082|PcieSataControl|A684C332-5DDA-492E-8DDD-9F373E3DBC05|00320ECB|0039D1|DRVR|
|083|HardwareSignatu|B7EE4835-84CE-4B15-BF52-2D11574CE470|0032489C|001C39|DRVR|
|084|               |60AC3A8F-4D66-4CD4-895A-C3F06E6665EE|003264D5|0000D6|FRFM|
|085|RapidStartDxe  |B6B9295F-CABF-4CEC-BB14-FE4246F2173A|003265AB|003B99|DRVR|
|086|RapidStartSmm  |43172851-CF7E-4345-9FE0-D7012BB17B88|0032A144|002585|DRVR|
|087|DxeFfsGfxDriver|6FD1DCC5-B5B9-4A82-8728-8D854428A4A3|0032C6C9|000B89|DRVR|
|088|RapidStartDxePo|DDB412A6-E3F3-4E9E-90A3-2A991270219C|0032D252|002831|DRVR|
|089|               |FA2DDC38-3F19-4218-B53E-D9D79D626767|0032FA83|00027A|FRFM|
|090|IsctAcpi       |4839023B-4C12-4EB2-B2B8-C91B42D878A0|0032FCFD|000F59|DRVR|
|091|IsctSmm        |DBD5B6BA-6734-4C5D-BF53-2C210D93A012|00330C56|001855|DRVR|
|092|MERecoveryDxe  |F1FCD66F-8966-441E-909C-77F211AB9C3E|003324AB|00470D|DRVR|
|093|               |821D110C-D0A3-4CF7-AEF3-E28088491704|00336BB8|080025|FRFM|
|094|OnboardControll|1601E050-BE0C-41B7-8F96-9F48F72B7E26|003B6BDD|0023BD|DRVR|
|095|BDRDXE         |5E06E249-3A4C-49B5-8A37-02058CC12691|003B8F9A|003E31|DRVR|
|096|BDRSMM         |ACA87EA5-D839-4F41-BCCE-9E19E9F2C2AD|003BCDCB|003D15|DRVR|
|097|DualBiosDxe    |C74D1B0B-91B1-484A-A038-FE7A0847AA07|003C0AE0|0052E9|DRVR|
|098|DualBiosSMM    |88B468B3-A48B-4B87-ABE2-8E56DFFDAF8D|003C5DC9|00180D|DRVR|
|099|Slp10          |8E477676-55FD-48CF-9210-15A99B27D740|003C75D6|000F29|DRVR|
|100|SlpSupport     |952821AA-EACD-465B-B478-5429DFC9A747|003C84FF|0014D9|DRVR|
|101|IntelGigabitLan|4953F720-006D-41F5-990D-0AC7742ABB60|003C99D8|051797|DRVR|
|102|CSMCORE        |A062CF1F-8473-4AA3-8793-600BC4FFE9A8|0041B16F|061EC9|DRVR|
|103|               |A08276EC-A0FE-4E06-8670-385336C7D093|0047D038|000435|FRFM|
|104|BIOSBLKIO      |25ACF158-DD61-4E64-9A49-55851E9A26C7|0047D46D|003475|DRVR|
|105|CsmVideo       |29CF55F8-B675-4F5D-8F2F-B87A3ECFD063|004808E2|0047F5|DRVR|
|106|NvramSmi       |842A454A-75E5-408B-8B1C-36420E4E3F21|004850D7|0020CD|SMMD|
|107|OpalSecurity   |59AF16B0-661D-4865-A381-38DE68385D8D|004871A4|0013E5|DRVR|
|108|OemActivation  |76D5CF91-0C55-434E-97C2-D2825C82E610|00488589|001C25|SMMD|
|109|AcpiPlatform   |8B5FBABD-F51F-4942-BF16-16AAA38AE52B|0048A1AE|005481|DRVR|
|110|PlatformInfo   |1314216C-CB8D-421C-B854-06231386E642|0048F62F|00134D|DRVR|
|111|AcpiFvi        |D7E31ECB-0A17-4529-9B84-C529DE8E1C0E|0049097C|000B31|DRVR|
|112|CppcDxe        |C07A1EB5-5C04-4100-817B-0A11BB5F15DC|004914AD|001325|DRVR|
|113|               |60E31DE1-03EC-492A-9598-65A3C50E0F6B|004927D2|000380|FRFM|
|114|               |94AB6AED-9719-48EF-831C-2E9C29758C33|00492B52|0000C2|FRFM|
|115|               |95DFCAE5-BB28-4D6B-B1E2-3AF3A6BF434F|00492C14|000835|FRFM|
|116|               |7105E072-2751-4E6E-BAAC-1C76BF3F5528|00493449|000376|FRFM|
|117|SMBIOSUpdateData|B98999A4-E96F-475A-99FC-762126F50F5A|004937BF|000825|DRVR|
|118|               |9DD795EB-41E8-4591-8E63-5EF4AA33B908|00493FE4|0000B0|FRFM|
|119|FastBootOption |A58C5D1D-C22B-4845-90BC-8C94FCE96457|00494094|001C61|DRVR|
|120|OFBD           |57E56594-CE95-46AD-9531-3C49310CA7CE|00495CF5|001491|DRVR|
|121|SecureBootMod  |A95C1D60-CB9F-4BD8-A030-3F1C4A185156|00497186|001A9D|DRVR|
|122|               |FBF95065-427F-47B3-8077-D13C60710998|00498C23|001159|FRFM|
|123|               |9D7A05E9-F740-44C3-858B-75586A8F9C8E|00499D7C|00064D|FRFM|
|124|SmmDispatcher  |4A37320B-3FB3-4365-9730-9E89C600395D|0049A3C9|0058ED|SMMC|
|125|               |D2596F82-F0E1-49FA-95BC-62012C795728|0049FCB6|0003B9|FRFM|
|126|SmmBase        |D0632C90-AFD7-4492-B186-257C63143C61|004A006F|003F59|DRVR|
|127|SmmCommunicate |7E2D983F-F703-4A29-9761-77B51F5354ED|004A3FC8|001009|SMMD|
|128|AMITSE         |B1DA0ADF-4F77-4070-A88E-BFFE1C60529A|004A4FD1|0BC56F|DRVR|
|129|               |A59A0056-3341-44B5-9C9C-6D76F7673817|00561540|0000A8|FRFM|
|130|               |63819805-67BB-46EF-AA8D-1524A19A01E4|005615E8|004EBD|FRFM|
|131|               |EFCB2FDB-0662-4A59-A5D7-03033EA97CAE|005664A5|02937D|FRFM|
|132|               |6B389ACF-5B9A-445C-BFE7-35D608C4CE56|0058F822|174FB9|FRFM|
|133|CoolGUIDxe     |10A0D4D6-BB54-48E1-919F-78D3074A787F|007047DB|032A09|DRVR|
|134|               |9BB010CB-42F9-4A1E-BF4D-58F42276A4A9|007371E4|0004AD|FRFM|
|135|               |FBE835E8-513E-4176-8749-27C59990A669|00737691|065449|FRFM|
|136|               |A609BD4E-6532-452F-8BC2-FB66FE17EF3F|0079CADA|00BCF5|FRFM|
|137|               |C55C4A64-7AD6-4163-9B3C-E21B9669DBA3|007A87CF|04B041|FRFM|
|138|               |52359378-AD07-4578-A5E9-88BCC37F2080|007F3810|018081|FRFM|
|139|SMBiosBoard    |CEF68C66-06AB-4FB3-A3ED-5FFA885B5725|0080B891|001569|DRVR|
|140|SMBios64       |B13EDD38-684C-41ED-A305-D7B7E32497DF|0080CDFA|0061A9|DRVR|
|141|SmbiosGetFlashD|DED7956D-7E20-4F20-91A1-190439B04D5B|00812FA3|000F8D|DRVR|
|142|               |DAF4BF89-CE71-4917-B522-C89D32FBC59F|00813F30|0018E5|FRFM|
|143|SmbiosDMIEdit  |E2A74738-8934-48F5-8412-99E948C8DC1B|00815815|0036E5|DRVR|
|144|SMIFlash       |BC327DBD-B982-4F55-9F79-056AD7E987C5|00818EFA|0055B9|DRVR|
|145|TcgPlatformSetu|196CA3D8-9A5A-4735-B328-8FFC1D93D188|0081E4B3|001531|DRVR|
|146|TcgDxe         |5E9CABA3-F2B1-497A-ADAC-24F575E9CDE9|0081F9E4|0057D5|DRVR|
|147|TcgDxeplatform |2688B232-9C02-4C12-BE1F-857C0FF2AAE3|008251B9|000FE1|DRVR|
|148|TCGSmm         |FD93F9E1-3C73-46E0-B7B8-2BBA3F718F6C|0082619A|001961|DRVR|
|149|TcgLegacy      |858EBE6F-360F-415B-B7DC-463AAEB03412|00827AFB|001785|DRVR|
|150|AmiTcgPlatformD|A29A63E3-E4E7-495F-8A6A-07738300CBB3|00829280|00FC99|DRVR|
|151|               |0AA31BC6-3379-41E8-825A-53F82CC0F254|00838F19|002CB5|FRFM|
|152|               |142204E2-C7B1-4AF9-A729-923758D96D03|0083BBCE|000B75|FRFM|
|153|               |7D113AA9-6280-48C6-BACE-DFE7668E8307|0083C743|000635|FRFM|
|154|AmiTcgNvflagSam|50F6096D-7C98-4C78-9A1D-C5A1833B6A88|0083CD78|0018C9|DRVR|
|155|DpcDxe         |399CF3A7-82C7-4D9B-9123-DB11842986D3|0083E641|0008B9|DRVR|
|156|ArpDxe         |8DD91798-EE87-4F0E-8A84-3F998311F930|0083EEFA|002F59|DRVR|
|157|SnpDxe         |3DD7A87B-D5BD-44AF-986F-2E13DB5D274C|00841E53|0037F9|DRVR|
|158|MnpDxe         |C30B94E3-C8F2-4AB0-91AB-FA8DF621B1C9|0084564C|004B59|DRVR|
|159|UefiPxeBcDxe   |0EF8A3B1-388A-4B62-8BE6-C7877D50AEDF|0084A1A5|00D3A5|DRVR|
|160|NetworkStackSet|0029DE6A-E024-4EB8-A91D-9F23AA1F4E92|0085754A|000C79|DRVR|
|161|TcpDxe         |B1625D3C-9D2D-4E0D-B864-8A763EE4EC50|008581C3|00BC59|DRVR|
|162|Dhcp4Dxe       |8DD9176E-EE87-4F0E-8A84-3F998311F930|00863E1C|006F1D|DRVR|
|163|Ip4ConfigDxe   |8F9296EF-2880-4659-B857-915A8901BDC8|0086AD39|0047E5|DRVR|
|164|Ip4Dxe         |8F92960F-2880-4659-B857-915A8901BDC8|0086F51E|008C79|DRVR|
|165|Mtftp4Dxe      |61AFA223-8AC8-4440-9AB5-762B1BF05156|00878197|0056BD|DRVR|
|166|Udp4Dxe        |10EE5462-B207-4A4F-ABD8-CB522ECAA3A4|0087D854|005719|DRVR|
|167|Dhcp6Dxe       |8DD9176D-EE87-4F0E-8A84-3F998311F930|00882F6D|006B5D|DRVR|
|168|Ip6Dxe         |8F92960E-2880-4659-B857-915A8901BDC8|00889ACA|010599|DRVR|
|169|Mtftp6Dxe      |61AFA251-8AC8-4440-9AB5-762B1BF05156|0089A063|0056DD|DRVR|
|170|Udp6Dxe        |10EE54AE-B207-4A4F-ABD8-CB522ECAA3A4|0089F740|005419|DRVR|
|171|UHCD           |580DD900-385D-11D7-883A-00500473D4EB|008A4B59|00DE31|DRVR|
|172|USBRT          |04EAAAA1-29A1-11D7-8838-00500473D4EB|008B298A|0192E1|SMM |
|173|USBINT13       |4C006CD9-19BA-4617-8483-609194A1ACFC|008CBC6B|001C25|DRVR|
|174|               |9A8F82D5-39B1-48DA-92DC-A22DA8834DF6|008CD890|00007C|FRFM|
|175|HeciDxe        |55E76644-78A5-4A82-A900-7126A5798892|008CD90C|004965|DRVR|
|176|MeFwDowngrade  |5820EEB4-C135-4854-9D2A-AA9EFC4475E9|008D2271|00130D|DRVR|
|177|MePlatformReset|9A9A912B-5F53-4586-8820-704485A29D21|008D357E|0009C1|DRVR|
|178|MdesStatusCodeD|DF5CD25A-8E55-46BA-8CDA-BC7DB7BF9C64|008D3F3F|000D95|DRVR|
|179|MeDxePolicyInit|BA67550C-3628-4137-A53E-42660E081604|008D4CD4|001811|DRVR|
|180|MePciPlatform  |459C70C3-9344-4484-9F93-7822530D0D11|008D64E5|00058D|DRVR|
|181|IccPlatform    |14257B56-BDA2-4FAF-8E4F-C885DF75583C|008D6A72|00324D|DRVR|
|182|IccOverClocking|5BBA83E5-F027-4CA7-BFD0-16358CC9E123|008D9CBF|00AC05|DRVR|
|183|IccOverClocking|8E68E3C5-FC59-4280-8467-3800D31A8162|008E48C4|00ABCD|DRVR|
|184|Smbios131      |2B341C7B-0B32-4A65-9D46-E1B3ABD4C25C|008EF491|000C25|DRVR|
|185|GenericComponen|199FD111-0785-4132-A9B3-1F66573F0060|008F00B6|03909D|DRVR|
|186|SmiVariable    |BE216BA8-38C4-4535-A6CA-5DCA5B43ADDF|00929153|001B69|DRVR|
|187|QFlash         |132EC73B-3025-4FBF-B193-8ACB50EFBD89|0092ACBC|007939|DRVR|
|188|EzFileBrowser  |56B70419-7103-4D0E-83F4-F3546BD21E40|009325F5|00406D|DRVR|
|189|SmmRuntime     |A56897A1-A77F-4600-84DB-22B0A801FA9A|00936662|0014B9|DRVR|
|190|RTCWakeup      |534A6A34-CF78-4A56-BEDB-CB49A8D8060C|00937B1B|0015F9|DRVR|
|191|x1x4Switch     |629FA771-C081-560A-A599-1986011859E0|00939114|0015E9|DRVR|
|192|SmartFanCtrlDXE|D8AAB432-93CC-48D2-9F34-3496CAF92185|0093A6FD|001441|DRVR|
|193|OemLOGO        |7D1686A9-1EE3-446C-825C-5A26F449CE52|0093BB3E|0010E1|DRVR|
|194|MyOemLogo1     |86EE84E1-3375-41A1-AFBA-847BD29663AA|0093CC1F|001C92|FRFM|
|195|MyOemLogo2     |86EE84E2-3375-41A1-AFBA-847BD29663AA|0093E8B1|000234|FRFM|
|196|MouseDriver    |C7A7030C-C3D8-45EE-BED9-5D9E76762953|0093EAE5|004449|DRVR|
|197|OEMDXE         |BFE205C9-5B17-4F8F-9375-89614AF8E199|00942F2E|0010F5|DRVR|
|198|               |7BB28B99-61BB-11D5-9A5D-0090273FC14D|00944023|003C45|FRFM|
|199|CspLibDxe      |CD84562C-6864-40A3-A081-C8D35E82B920|00947C68|000275|DRVR|
|200|CRBDXE         |16271FCA-55D9-4A33-93FC-5A3EB128DEB6|00947EDD|000BF1|DRVR|
|201|CRBSMI         |221F1D4F-034C-4BEA-B2BB-B7A9672B06D7|00948ACE|001121|SMM |
|202|HfsPlus        |AE4C11C8-1D6C-F24E-A183-E1CA36D1A8A9|00949BEF|00943D|DRVR|
+---+---------------+------------------------------------+--------+------+----+
| Bytes Free       : 000FD4 (  3 KB)    Bytes Used       : 95302C (9548 KB)    |
+-----------------------------------------------------------------------------+
| Firmware Volume : 03               Location :  00700000   Length :  100000  |
+---+---------------+------------------------------------+--------+------+----+
|NO |    FileName   |               GUID                 |Location| Size |Type|
+---+---------------+------------------------------------+--------+------+----+
|000|TxtPei         |CA9D8617-D652-403B-B6C5-BA47570116AD|00700048|001B1A|PEIM|
|001|MemoryInit     |3B42EF57-16D3-44CB-8632-9FDB06B41451|00701B68|03B2D2|PEIM|
|002|UsbBotPeim     |8401A046-6F70-4505-8471-7015B40355E3|0073CE40|001968|PEIM|
|003|Recovery       |E008B434-0E73-440C-8612-A143F6A07BCB|0073E7A8|00335D|PEIM|
|004|CRBPEI         |0D1ED2F7-E92B-4562-92DD-5C82EC917EAE|00741B08|0012DA|PEIM|
|005|WdtPei         |1D88C542-9DF7-424A-AA90-02B61F286938|00742DE8|000716|PEIM|
|006|CORE_PEI       |92685943-D810-47FF-A112-CC8490776A1F|00743500|03A872|PEIC|
|007|IT8728SioAcBack|F5042177-1D29-45C5-BA4D-4D0EB2E88575|0077DD78|0002A3|PEIM|
|008|CpuInitPei     |01359D99-9446-456D-ADA4-50A711C03ADA|0077E020|00332E|PEIM|
|009|CpuPolicyPei   |0AC2D35D-1C77-1033-A6F8-7CA55DF7D0AA|00781350|000CF2|PEIM|
|010|               |2D27C618-7DCD-41F5-BB10-21166BE7E143|00782048|019198|RAW |
|011|CpuPeiBeforeMem|1555ACF3-BD07-4685-B668-A86945A4124D|0079B1E0|001500|PEIM|
|012|CpuPei         |2BB5AFA9-FF33-417B-8497-CB773C2B93BF|0079C6E0|00172E|PEIM|
|013|AmiTxtPei      |C7D4BBCF-EB0A-4C91-BD8B-FCA99F28B011|0079DE10|000394|PEIM|
|014|AmiCpuS3Pei    |F7D22BCA-1BCA-5591-CC8B-1CA98F2890FE|0079E1A8|000B88|PEIM|
|015|SBPEI          |C1FBD624-27EA-40D1-AA48-94C3DC5C7E0D|0079ED30|006F98|PEIM|
|016|SmBusPei       |9EA28D33-0175-4788-BEA8-6950516030A5|007A5CC8|0011CA|PEIM|
|017|WdtAppPei      |0F69F6D7-0E4B-43A6-BFC2-6871694369B0|007A6E98|00042C|PEIM|
|018|PchInitPeim    |FD236AE7-0791-48C4-B29E-29BDEEE1A838|007A72C8|00A240|PEIM|
|019|PchResetPeim   |FF259F16-18D1-4298-8DD2-BD87FF2894A9|007B1508|000B42|PEIM|
|020|PchSmbusArpDisa|643DF777-F312-42ED-81CC-1B1F57E18AD6|007B2050|000DC0|PEIM|
|021|PeiSmmControl  |FF456B9C-0DC7-4682-9E92-0DE84B6E4067|007B2E10|0006C4|PEIM|
|022|PchSpiPeim     |AA652CB9-2D52-4624-9FAE-D4E58B67CA46|007B34D8|0014BE|PEIM|
|023|PchUsb         |6B4FDBD2-47E1-4A09-BA8E-8E041F208B95|007B4998|000599|PEIM|
|024|PchInitSmm     |D7B10D4E-67E6-4C74-83E9-F9AF0ACC33CC|007B4F38|0030AD|DRVR|
|025|NBPEI          |79AA6086-035A-4AD9-A89A-A6D5AA27F0E2|007B7FE8|00506C|PEIM|
|026|SmmAccessPeim  |6ECFCE51-5724-450C-A38A-58553E954422|007BD058|000904|PEIM|
|027|SaPolicyInitPei|FD236AE7-0791-48C4-B29E-29BDEEE1A822|007BD960|001E18|PEIM|
|028|SaInitPeim     |FD236AE7-0791-48C4-B29E-29BDEEE1A811|007BF778|007B46|PEIM|
|029|CryptoPei      |D6D2FBA6-EF60-4C38-A83E-6769814D23B0|007C72C0|002AC2|PEIM|
|030|RapidStartPei  |53F019E9-BB0C-424B-870A-1FAF10B1CB4C|007C9D88|007A6C|PEIM|
|031|PeiGfxDriver   |B9846521-FF99-4953-8FA2-85C9ADCCE5AF|007D17F8|007E42|PEIM|
|032|IsctWakeReason |0C3B7B59-28E5-4C99-85E5-D0116DBFAAF2|007D9640|001006|PEIM|
|033|Capsule        |FAC2EFAD-8511-4E34-9CAE-16A257BA9488|007DA648|00092F|PEIM|
|034|BDRPEI         |90E9D266-C229-4474-8D18-AAF3745F3EAA|007DAF78|000686|PEIM|
|035|               |56E14F88-234B-4C34-B204-299670447247|007DB600|00046C|FRFM|
|036|               |0B71D630-2BAD-4797-ABD6-088E95D0DE47|007DBA70|00101C|FRFM|
|037|               |12FD2744-8332-4A87-B220-1EFACC7D6ED7|007DCA90|00101C|FRFM|
|038|               |5BBAD7A7-25C6-4E4F-B7F4-48FFBB612274|007DDAB0|000022|FRFM|
|039|DualBiosPei    |97BB442B-F9FE-45E3-8A28-439EEDCD1813|007DDAD8|0004E0|PEIM|
|040|iFeatureFlagInit|E10426EB-19D4-45EE-8923-86EEFE612513|007DDFB8|00060A|PEIM|
|041|PeiRamBoot     |08EFD15D-EC55-4023-B648-7BA40DF7D05D|007DE5C8|000F02|PEIM|
|042|               |CC0F8A3F-3DEA-4376-9679-5426BA0A907E|007DF4D0|0004A5|FRFM|
|043|               |9FE7DE69-0AEA-470A-B50A-139813649189|007DF978|00092C|FRFM|
|044|               |FD44820B-F1AB-41C0-AE4E-0C55556EB9BD|007E02A8|000828|FRFM|
|045|TcgPlatformSetu|0FE9DA53-043D-4265-A94D-FD77FEDE2EB4|007E0AD0|00066C|PEIM|
|046|TcgPei         |34989D8E-930A-4A95-AB04-2E6CFDFF6631|007E1140|0021F6|PEIM|
|047|TcgPeiplatform |6B844C5B-6B75-42CA-8E8E-1CB94412B59B|007E3338|000416|PEIM|
|048|AmiTcgPlatformP|9B3F28D5-10A6-46C8-BA72-BD40B847A71A|007E3750|000FF2|PEIM|
|049|AmiTcgPlatformP|E9312938-E56B-4614-A252-CF7D2F377E26|007E4748|000DAE|PEIM|
|050|HeciPei        |9CF30325-DC5C-4556-A8B0-74215C5F7FC4|007E54F8|000DB8|PEIM|
|051|PchMeUma       |8C376010-2400-4D7D-B47B-9D851DF3C9D1|007E62B0|000EEE|PEIM|
|052|MePeiPolicyInit|12C67BE1-AD2E-4F13-A95F-6EDC2C4392DE|007E71A0|000428|PEIM|
|053|               |0DCA793A-EA96-42D8-BD7B-DC7F684E38C1|007E75C8|0000A4|FRFM|
|054|               |3FD1D3A2-99F7-420B-BC69-8BB1D492A332|007E7670|0000A4|FRFM|
|055|               |D1E59F50-E8C3-4545-BF61-11F002233C97|007E7718|000128|RAW |
|056|               |1BA0062E-C779-4582-8566-336AE8F78F09|007FF180|000E80|SECC|
+---+---------------+------------------------------------+--------+------+----+
| Bytes Free       : 017940 ( 94 KB)    Bytes Used       : 0E86C0 (929 KB)    |
+-----------------------------------------------------------------------------+
| Total Bytes Free : 0B1AB8 ( 710 KB)   Total Bytes Used : 74E548 (7481 KB)   |
+-----------------------------------------------------------------------------+
